<?xml version="1.0" encoding="UTF-8"?>
<testsuite name="Visa Confirmation Test"
           tests="3"
           failures="0"
           errors="0"
           skipped="0"
           time="9.159">
  <properties />
  
  
            <testcase name="aChileanComingToTheUKForWorkAndPlansOnStayingForLongerThanSixMonths" time="4.045" classname="gov.uk.check.visa.testsuite.VisaConfirmationTest" />
                <testcase name="aColumbianNationalComingToTheUKToJoinAPartnerForALongStayTheyDoHaveAnArticle10Or20Card" time="2.951" classname="gov.uk.check.visa.testsuite.VisaConfirmationTest" />
                <testcase name="anAustralianComingToUKForTourism" time="2.163" classname="gov.uk.check.visa.testsuite.VisaConfirmationTest" />
      
</testsuite>
